<?xml version="1.0" encoding="UTF-8"?>
<!-- Generated by org.testng.reporters.JUnitReportReporter -->
<testsuite skipped="0" hostname="HP-PC" name="TestCases.E_Login" tests="1" failures="0" timestamp="06 ينا 2020 17:04:43 GMT" time="10.517" errors="0">
  <testcase name="Login" time="10.517" classname="TestCases.E_Login"/>
</testsuite> <!-- TestCases.E_Login -->
